# JRE version: OpenJDK Runtime Environment (8.0_352-b08) (build 1.8.0_352-b08)
# Java VM: OpenJDK 64-Bit Server VM (25.352-b08 mixed mode bsd-amd64 compressed oops)
Heap:
 PSYoungGen      total 161280K, used 15619K [0x00000007b5580000, 0x00000007c0000000, 0x00000007c0000000)
  eden space 147968K, 10% used [0x00000007b5580000,0x00000007b64c0de8,0x00000007be600000)
  from space 13312K, 0% used [0x00000007bf300000,0x00000007bf300000,0x00000007c0000000)
  to   space 13312K, 0% used [0x00000007be600000,0x00000007be600000,0x00000007bf300000)
 ParOldGen       total 126464K, used 11876K [0x00000007a0000000, 0x00000007a7b80000, 0x00000007b5580000)
  object space 126464K, 9% used [0x00000007a0000000,0x00000007a0b992f8,0x00000007a7b80000)
 Metaspace       used 35270K, capacity 37588K, committed 37760K, reserved 1081344K
  class space    used 4608K, capacity 5141K, committed 5248K, reserved 1048576K
GC Heap History (10 events):
Event: 3.468 GC heap before
{Heap before GC invocations=4 (full 0):
 PSYoungGen      total 76288K, used 63983K [0x00000007b5580000, 0x00000007bea80000, 0x00000007c0000000)
  eden space 65536K, 86% used [0x00000007b5580000,0x00000007b8cbad70,0x00000007b9580000)
  from space 10752K, 69% used [0x00000007b9580000,0x00000007b9cc0f18,0x00000007ba000000)
  to   space 10752K, 0% used [0x00000007be000000,0x00000007be000000,0x00000007bea80000)
 ParOldGen       total 175104K, used 32K [0x00000007a0000000, 0x00000007aab00000, 0x00000007b5580000)
  object space 175104K, 0% used [0x00000007a0000000,0x00000007a0008000,0x00000007aab00000)
 Metaspace       used 19877K, capacity 21170K, committed 21296K, reserved 1067008K
  class space    used 2598K, capacity 2911K, committed 2944K, reserved 1048576K
Event: 3.473 GC heap after
Heap after GC invocations=4 (full 0):
 PSYoungGen      total 141824K, used 7531K [0x00000007b5580000, 0x00000007bea80000, 0x00000007c0000000)
  eden space 131072K, 0% used [0x00000007b5580000,0x00000007b5580000,0x00000007bd580000)
  from space 10752K, 70% used [0x00000007be000000,0x00000007be75acc0,0x00000007bea80000)
  to   space 10752K, 0% used [0x00000007bd580000,0x00000007bd580000,0x00000007be000000)
 ParOldGen       total 175104K, used 40K [0x00000007a0000000, 0x00000007aab00000, 0x00000007b5580000)
  object space 175104K, 0% used [0x00000007a0000000,0x00000007a000a000,0x00000007aab00000)
 Metaspace       used 19877K, capacity 21170K, committed 21296K, reserved 1067008K
  class space    used 2598K, capacity 2911K, committed 2944K, reserved 1048576K
}
Event: 3.474 GC heap before
{Heap before GC invocations=5 (full 1):
 PSYoungGen      total 141824K, used 7531K [0x00000007b5580000, 0x00000007bea80000, 0x00000007c0000000)
  eden space 131072K, 0% used [0x00000007b5580000,0x00000007b5580000,0x00000007bd580000)
  from space 10752K, 70% used [0x00000007be000000,0x00000007be75acc0,0x00000007bea80000)
  to   space 10752K, 0% used [0x00000007bd580000,0x00000007bd580000,0x00000007be000000)
 ParOldGen       total 175104K, used 40K [0x00000007a0000000, 0x00000007aab00000, 0x00000007b5580000)
  object space 175104K, 0% used [0x00000007a0000000,0x00000007a000a000,0x00000007aab00000)
 Metaspace       used 19877K, capacity 21170K, committed 21296K, reserved 1067008K
  class space    used 2598K, capacity 2911K, committed 2944K, reserved 1048576K
Event: 3.496 GC heap after
Heap after GC invocations=5 (full 1):
 PSYoungGen      total 141824K, used 0K [0x00000007b5580000, 0x00000007bea80000, 0x00000007c0000000)
  eden space 131072K, 0% used [0x00000007b5580000,0x00000007b5580000,0x00000007bd580000)
  from space 10752K, 0% used [0x00000007be000000,0x00000007be000000,0x00000007bea80000)
  to   space 10752K, 0% used [0x00000007bd580000,0x00000007bd580000,0x00000007be000000)
 ParOldGen       total 92160K, used 7345K [0x00000007a0000000, 0x00000007a5a00000, 0x00000007b5580000)
  object space 92160K, 7% used [0x00000007a0000000,0x00000007a072c508,0x00000007a5a00000)
 Metaspace       used 19877K, capacity 21170K, committed 21296K, reserved 1067008K
  class space    used 2598K, capacity 2911K, committed 2944K, reserved 1048576K
}
Event: 5.901 GC heap before
{Heap before GC invocations=6 (full 1):
 PSYoungGen      total 141824K, used 131072K [0x00000007b5580000, 0x00000007bea80000, 0x00000007c0000000)
  eden space 131072K, 100% used [0x00000007b5580000,0x00000007bd580000,0x00000007bd580000)
  from space 10752K, 0% used [0x00000007be000000,0x00000007be000000,0x00000007bea80000)
  to   space 10752K, 0% used [0x00000007bd580000,0x00000007bd580000,0x00000007be000000)
 ParOldGen       total 92160K, used 7345K [0x00000007a0000000, 0x00000007a5a00000, 0x00000007b5580000)
  object space 92160K, 7% used [0x00000007a0000000,0x00000007a072c508,0x00000007a5a00000)
 Metaspace       used 31660K, capacity 33856K, committed 34176K, reserved 1079296K
  class space    used 4115K, capacity 4645K, committed 4736K, reserved 1048576K
Event: 5.912 GC heap after
Heap after GC invocations=6 (full 1):
 PSYoungGen      total 141824K, used 10738K [0x00000007b5580000, 0x00000007c0000000, 0x00000007c0000000)
  eden space 131072K, 0% used [0x00000007b5580000,0x00000007b5580000,0x00000007bd580000)
  from space 10752K, 99% used [0x00000007bd580000,0x00000007bdffcbf0,0x00000007be000000)
  to   space 13312K, 0% used [0x00000007bf300000,0x00000007bf300000,0x00000007c0000000)
 ParOldGen       total 92160K, used 11492K [0x00000007a0000000, 0x00000007a5a00000, 0x00000007b5580000)
  object space 92160K, 12% used [0x00000007a0000000,0x00000007a0b39388,0x00000007a5a00000)
 Metaspace       used 31660K, capacity 33856K, committed 34176K, reserved 1079296K
  class space    used 4115K, capacity 4645K, committed 4736K, reserved 1048576K
}
Event: 6.044 GC heap before
{Heap before GC invocations=7 (full 1):
 PSYoungGen      total 141824K, used 21101K [0x00000007b5580000, 0x00000007c0000000, 0x00000007c0000000)
  eden space 131072K, 7% used [0x00000007b5580000,0x00000007b5f9ea48,0x00000007bd580000)
  from space 10752K, 99% used [0x00000007bd580000,0x00000007bdffcbf0,0x00000007be000000)
  to   space 13312K, 0% used [0x00000007bf300000,0x00000007bf300000,0x00000007c0000000)
 ParOldGen       total 92160K, used 11492K [0x00000007a0000000, 0x00000007a5a00000, 0x00000007b5580000)
  object space 92160K, 12% used [0x00000007a0000000,0x00000007a0b39388,0x00000007a5a00000)
 Metaspace       used 33205K, capacity 35406K, committed 35496K, reserved 1079296K
  class space    used 4317K, capacity 4840K, committed 4864K, reserved 1048576K
Event: 6.049 GC heap after
Heap after GC invocations=7 (full 1):
 PSYoungGen      total 161280K, used 6058K [0x00000007b5580000, 0x00000007c0000000, 0x00000007c0000000)
  eden space 147968K, 0% used [0x00000007b5580000,0x00000007b5580000,0x00000007be600000)
  from space 13312K, 45% used [0x00000007bf300000,0x00000007bf8ea9a0,0x00000007c0000000)
  to   space 13312K, 0% used [0x00000007be600000,0x00000007be600000,0x00000007bf300000)
 ParOldGen       total 92160K, used 11500K [0x00000007a0000000, 0x00000007a5a00000, 0x00000007b5580000)
  object space 92160K, 12% used [0x00000007a0000000,0x00000007a0b3b388,0x00000007a5a00000)
 Metaspace       used 33205K, capacity 35406K, committed 35496K, reserved 1079296K
  class space    used 4317K, capacity 4840K, committed 4864K, reserved 1048576K
}
Event: 6.049 GC heap before
{Heap before GC invocations=8 (full 2):
 PSYoungGen      total 161280K, used 6058K [0x00000007b5580000, 0x00000007c0000000, 0x00000007c0000000)
  eden space 147968K, 0% used [0x00000007b5580000,0x00000007b5580000,0x00000007be600000)
  from space 13312K, 45% used [0x00000007bf300000,0x00000007bf8ea9a0,0x00000007c0000000)
  to   space 13312K, 0% used [0x00000007be600000,0x00000007be600000,0x00000007bf300000)
 ParOldGen       total 92160K, used 11500K [0x00000007a0000000, 0x00000007a5a00000, 0x00000007b5580000)
  object space 92160K, 12% used [0x00000007a0000000,0x00000007a0b3b388,0x00000007a5a00000)
 Metaspace       used 33205K, capacity 35406K, committed 35496K, reserved 1079296K
  class space    used 4317K, capacity 4840K, committed 4864K, reserved 1048576K
Event: 6.079 GC heap after
Heap after GC invocations=8 (full 2):
 PSYoungGen      total 161280K, used 0K [0x00000007b5580000, 0x00000007c0000000, 0x00000007c0000000)
  eden space 147968K, 0% used [0x00000007b5580000,0x00000007b5580000,0x00000007be600000)
  from space 13312K, 0% used [0x00000007bf300000,0x00000007bf300000,0x00000007c0000000)
  to   space 13312K, 0% used [0x00000007be600000,0x00000007be600000,0x00000007bf300000)
 ParOldGen       total 126464K, used 11876K [0x00000007a0000000, 0x00000007a7b80000, 0x00000007b5580000)
  object space 126464K, 9% used [0x00000007a0000000,0x00000007a0b992f8,0x00000007a7b80000)
 Metaspace       used 33205K, capacity 35406K, committed 35496K, reserved 1079296K
  class space    used 4317K, capacity 4840K, committed 4864K, reserved 1048576K
}

