# JRE version: OpenJDK Runtime Environment (8.0_352-b08) (build 1.8.0_352-b08)
# Java VM: OpenJDK 64-Bit Server VM (25.352-b08 mixed mode bsd-amd64 compressed oops)
Heap:
 PSYoungGen      total 161280K, used 17760K [0x00000007b5580000, 0x00000007c0000000, 0x00000007c0000000)
  eden space 147968K, 12% used [0x00000007b5580000,0x00000007b66d8010,0x00000007be600000)
  from space 13312K, 0% used [0x00000007bf300000,0x00000007bf300000,0x00000007c0000000)
  to   space 13312K, 0% used [0x00000007be600000,0x00000007be600000,0x00000007bf300000)
 ParOldGen       total 144384K, used 11861K [0x00000007a0000000, 0x00000007a8d00000, 0x00000007b5580000)
  object space 144384K, 8% used [0x00000007a0000000,0x00000007a0b95508,0x00000007a8d00000)
 Metaspace       used 35488K, capacity 37898K, committed 38016K, reserved 1081344K
  class space    used 4644K, capacity 5208K, committed 5248K, reserved 1048576K
GC Heap History (10 events):
Event: 2.038 GC heap before
{Heap before GC invocations=4 (full 0):
 PSYoungGen      total 76288K, used 63875K [0x00000007b5580000, 0x00000007bea80000, 0x00000007c0000000)
  eden space 65536K, 86% used [0x00000007b5580000,0x00000007b8c9c1f8,0x00000007b9580000)
  from space 10752K, 69% used [0x00000007b9580000,0x00000007b9cc4df8,0x00000007ba000000)
  to   space 10752K, 0% used [0x00000007be000000,0x00000007be000000,0x00000007bea80000)
 ParOldGen       total 175104K, used 32K [0x00000007a0000000, 0x00000007aab00000, 0x00000007b5580000)
  object space 175104K, 0% used [0x00000007a0000000,0x00000007a0008000,0x00000007aab00000)
 Metaspace       used 19885K, capacity 21170K, committed 21296K, reserved 1067008K
  class space    used 2599K, capacity 2911K, committed 2944K, reserved 1048576K
Event: 2.045 GC heap after
Heap after GC invocations=4 (full 0):
 PSYoungGen      total 141824K, used 7625K [0x00000007b5580000, 0x00000007bea80000, 0x00000007c0000000)
  eden space 131072K, 0% used [0x00000007b5580000,0x00000007b5580000,0x00000007bd580000)
  from space 10752K, 70% used [0x00000007be000000,0x00000007be772710,0x00000007bea80000)
  to   space 10752K, 0% used [0x00000007bd580000,0x00000007bd580000,0x00000007be000000)
 ParOldGen       total 175104K, used 40K [0x00000007a0000000, 0x00000007aab00000, 0x00000007b5580000)
  object space 175104K, 0% used [0x00000007a0000000,0x00000007a000a000,0x00000007aab00000)
 Metaspace       used 19885K, capacity 21170K, committed 21296K, reserved 1067008K
  class space    used 2599K, capacity 2911K, committed 2944K, reserved 1048576K
}
Event: 2.045 GC heap before
{Heap before GC invocations=5 (full 1):
 PSYoungGen      total 141824K, used 7625K [0x00000007b5580000, 0x00000007bea80000, 0x00000007c0000000)
  eden space 131072K, 0% used [0x00000007b5580000,0x00000007b5580000,0x00000007bd580000)
  from space 10752K, 70% used [0x00000007be000000,0x00000007be772710,0x00000007bea80000)
  to   space 10752K, 0% used [0x00000007bd580000,0x00000007bd580000,0x00000007be000000)
 ParOldGen       total 175104K, used 40K [0x00000007a0000000, 0x00000007aab00000, 0x00000007b5580000)
  object space 175104K, 0% used [0x00000007a0000000,0x00000007a000a000,0x00000007aab00000)
 Metaspace       used 19885K, capacity 21170K, committed 21296K, reserved 1067008K
  class space    used 2599K, capacity 2911K, committed 2944K, reserved 1048576K
Event: 2.073 GC heap after
Heap after GC invocations=5 (full 1):
 PSYoungGen      total 141824K, used 0K [0x00000007b5580000, 0x00000007bea80000, 0x00000007c0000000)
  eden space 131072K, 0% used [0x00000007b5580000,0x00000007b5580000,0x00000007bd580000)
  from space 10752K, 0% used [0x00000007be000000,0x00000007be000000,0x00000007bea80000)
  to   space 10752K, 0% used [0x00000007bd580000,0x00000007bd580000,0x00000007be000000)
 ParOldGen       total 99328K, used 7339K [0x00000007a0000000, 0x00000007a6100000, 0x00000007b5580000)
  object space 99328K, 7% used [0x00000007a0000000,0x00000007a072afb8,0x00000007a6100000)
 Metaspace       used 19885K, capacity 21170K, committed 21296K, reserved 1067008K
  class space    used 2599K, capacity 2911K, committed 2944K, reserved 1048576K
}
Event: 3.391 GC heap before
{Heap before GC invocations=6 (full 1):
 PSYoungGen      total 141824K, used 131072K [0x00000007b5580000, 0x00000007bea80000, 0x00000007c0000000)
  eden space 131072K, 100% used [0x00000007b5580000,0x00000007bd580000,0x00000007bd580000)
  from space 10752K, 0% used [0x00000007be000000,0x00000007be000000,0x00000007bea80000)
  to   space 10752K, 0% used [0x00000007bd580000,0x00000007bd580000,0x00000007be000000)
 ParOldGen       total 99328K, used 7339K [0x00000007a0000000, 0x00000007a6100000, 0x00000007b5580000)
  object space 99328K, 7% used [0x00000007a0000000,0x00000007a072afb8,0x00000007a6100000)
 Metaspace       used 31855K, capacity 34102K, committed 34176K, reserved 1079296K
  class space    used 4148K, capacity 4674K, committed 4736K, reserved 1048576K
Event: 3.413 GC heap after
Heap after GC invocations=6 (full 1):
 PSYoungGen      total 141824K, used 10727K [0x00000007b5580000, 0x00000007c0000000, 0x00000007c0000000)
  eden space 131072K, 0% used [0x00000007b5580000,0x00000007b5580000,0x00000007bd580000)
  from space 10752K, 99% used [0x00000007bd580000,0x00000007bdff9df0,0x00000007be000000)
  to   space 13312K, 0% used [0x00000007bf300000,0x00000007bf300000,0x00000007c0000000)
 ParOldGen       total 99328K, used 11732K [0x00000007a0000000, 0x00000007a6100000, 0x00000007b5580000)
  object space 99328K, 11% used [0x00000007a0000000,0x00000007a0b753d0,0x00000007a6100000)
 Metaspace       used 31855K, capacity 34102K, committed 34176K, reserved 1079296K
  class space    used 4148K, capacity 4674K, committed 4736K, reserved 1048576K
}
Event: 3.575 GC heap before
{Heap before GC invocations=7 (full 1):
 PSYoungGen      total 141824K, used 21223K [0x00000007b5580000, 0x00000007c0000000, 0x00000007c0000000)
  eden space 131072K, 8% used [0x00000007b5580000,0x00000007b5fc0008,0x00000007bd580000)
  from space 10752K, 99% used [0x00000007bd580000,0x00000007bdff9df0,0x00000007be000000)
  to   space 13312K, 0% used [0x00000007bf300000,0x00000007bf300000,0x00000007c0000000)
 ParOldGen       total 99328K, used 11732K [0x00000007a0000000, 0x00000007a6100000, 0x00000007b5580000)
  object space 99328K, 11% used [0x00000007a0000000,0x00000007a0b753d0,0x00000007a6100000)
 Metaspace       used 33178K, capacity 35426K, committed 35496K, reserved 1079296K
  class space    used 4310K, capacity 4836K, committed 4864K, reserved 1048576K
Event: 3.583 GC heap after
Heap after GC invocations=7 (full 1):
 PSYoungGen      total 161280K, used 6094K [0x00000007b5580000, 0x00000007c0000000, 0x00000007c0000000)
  eden space 147968K, 0% used [0x00000007b5580000,0x00000007b5580000,0x00000007be600000)
  from space 13312K, 45% used [0x00000007bf300000,0x00000007bf8f39c0,0x00000007c0000000)
  to   space 13312K, 0% used [0x00000007be600000,0x00000007be600000,0x00000007bf300000)
 ParOldGen       total 99328K, used 11732K [0x00000007a0000000, 0x00000007a6100000, 0x00000007b5580000)
  object space 99328K, 11% used [0x00000007a0000000,0x00000007a0b753d0,0x00000007a6100000)
 Metaspace       used 33178K, capacity 35426K, committed 35496K, reserved 1079296K
  class space    used 4310K, capacity 4836K, committed 4864K, reserved 1048576K
}
Event: 3.583 GC heap before
{Heap before GC invocations=8 (full 2):
 PSYoungGen      total 161280K, used 6094K [0x00000007b5580000, 0x00000007c0000000, 0x00000007c0000000)
  eden space 147968K, 0% used [0x00000007b5580000,0x00000007b5580000,0x00000007be600000)
  from space 13312K, 45% used [0x00000007bf300000,0x00000007bf8f39c0,0x00000007c0000000)
  to   space 13312K, 0% used [0x00000007be600000,0x00000007be600000,0x00000007bf300000)
 ParOldGen       total 99328K, used 11732K [0x00000007a0000000, 0x00000007a6100000, 0x00000007b5580000)
  object space 99328K, 11% used [0x00000007a0000000,0x00000007a0b753d0,0x00000007a6100000)
 Metaspace       used 33178K, capacity 35426K, committed 35496K, reserved 1079296K
  class space    used 4310K, capacity 4836K, committed 4864K, reserved 1048576K
Event: 3.618 GC heap after
Heap after GC invocations=8 (full 2):
 PSYoungGen      total 161280K, used 0K [0x00000007b5580000, 0x00000007c0000000, 0x00000007c0000000)
  eden space 147968K, 0% used [0x00000007b5580000,0x00000007b5580000,0x00000007be600000)
  from space 13312K, 0% used [0x00000007bf300000,0x00000007bf300000,0x00000007c0000000)
  to   space 13312K, 0% used [0x00000007be600000,0x00000007be600000,0x00000007bf300000)
 ParOldGen       total 144384K, used 11861K [0x00000007a0000000, 0x00000007a8d00000, 0x00000007b5580000)
  object space 144384K, 8% used [0x00000007a0000000,0x00000007a0b95508,0x00000007a8d00000)
 Metaspace       used 33178K, capacity 35426K, committed 35496K, reserved 1079296K
  class space    used 4310K, capacity 4836K, committed 4864K, reserved 1048576K
}

