# JRE version: OpenJDK Runtime Environment (8.0_352-b08) (build 1.8.0_352-b08)
# Java VM: OpenJDK 64-Bit Server VM (25.352-b08 mixed mode bsd-amd64 compressed oops)
Heap:
 PSYoungGen      total 161280K, used 15600K [0x00000007b5580000, 0x00000007c0000000, 0x00000007c0000000)
  eden space 147968K, 10% used [0x00000007b5580000,0x00000007b64bc0f8,0x00000007be600000)
  from space 13312K, 0% used [0x00000007bf300000,0x00000007bf300000,0x00000007c0000000)
  to   space 13312K, 0% used [0x00000007be600000,0x00000007be600000,0x00000007bf300000)
 ParOldGen       total 141824K, used 11964K [0x00000007a0000000, 0x00000007a8a80000, 0x00000007b5580000)
  object space 141824K, 8% used [0x00000007a0000000,0x00000007a0baf2c8,0x00000007a8a80000)
 Metaspace       used 35472K, capacity 37868K, committed 38016K, reserved 1081344K
  class space    used 4656K, capacity 5203K, committed 5248K, reserved 1048576K
GC Heap History (10 events):
Event: 1.967 GC heap before
{Heap before GC invocations=4 (full 0):
 PSYoungGen      total 76288K, used 63789K [0x00000007b5580000, 0x00000007bea80000, 0x00000007c0000000)
  eden space 65536K, 85% used [0x00000007b5580000,0x00000007b8c7a6b8,0x00000007b9580000)
  from space 10752K, 69% used [0x00000007b9580000,0x00000007b9cd0f18,0x00000007ba000000)
  to   space 10752K, 0% used [0x00000007be000000,0x00000007be000000,0x00000007bea80000)
 ParOldGen       total 175104K, used 32K [0x00000007a0000000, 0x00000007aab00000, 0x00000007b5580000)
  object space 175104K, 0% used [0x00000007a0000000,0x00000007a0008000,0x00000007aab00000)
 Metaspace       used 19926K, capacity 21224K, committed 21296K, reserved 1067008K
  class space    used 2597K, capacity 2928K, committed 2944K, reserved 1048576K
Event: 1.973 GC heap after
Heap after GC invocations=4 (full 0):
 PSYoungGen      total 141824K, used 7691K [0x00000007b5580000, 0x00000007bea80000, 0x00000007c0000000)
  eden space 131072K, 0% used [0x00000007b5580000,0x00000007b5580000,0x00000007bd580000)
  from space 10752K, 71% used [0x00000007be000000,0x00000007be782cc0,0x00000007bea80000)
  to   space 10752K, 0% used [0x00000007bd580000,0x00000007bd580000,0x00000007be000000)
 ParOldGen       total 175104K, used 40K [0x00000007a0000000, 0x00000007aab00000, 0x00000007b5580000)
  object space 175104K, 0% used [0x00000007a0000000,0x00000007a000a000,0x00000007aab00000)
 Metaspace       used 19926K, capacity 21224K, committed 21296K, reserved 1067008K
  class space    used 2597K, capacity 2928K, committed 2944K, reserved 1048576K
}
Event: 1.973 GC heap before
{Heap before GC invocations=5 (full 1):
 PSYoungGen      total 141824K, used 7691K [0x00000007b5580000, 0x00000007bea80000, 0x00000007c0000000)
  eden space 131072K, 0% used [0x00000007b5580000,0x00000007b5580000,0x00000007bd580000)
  from space 10752K, 71% used [0x00000007be000000,0x00000007be782cc0,0x00000007bea80000)
  to   space 10752K, 0% used [0x00000007bd580000,0x00000007bd580000,0x00000007be000000)
 ParOldGen       total 175104K, used 40K [0x00000007a0000000, 0x00000007aab00000, 0x00000007b5580000)
  object space 175104K, 0% used [0x00000007a0000000,0x00000007a000a000,0x00000007aab00000)
 Metaspace       used 19926K, capacity 21224K, committed 21296K, reserved 1067008K
  class space    used 2597K, capacity 2928K, committed 2944K, reserved 1048576K
Event: 1.999 GC heap after
Heap after GC invocations=5 (full 1):
 PSYoungGen      total 141824K, used 0K [0x00000007b5580000, 0x00000007bea80000, 0x00000007c0000000)
  eden space 131072K, 0% used [0x00000007b5580000,0x00000007b5580000,0x00000007bd580000)
  from space 10752K, 0% used [0x00000007be000000,0x00000007be000000,0x00000007bea80000)
  to   space 10752K, 0% used [0x00000007bd580000,0x00000007bd580000,0x00000007be000000)
 ParOldGen       total 103424K, used 7418K [0x00000007a0000000, 0x00000007a6500000, 0x00000007b5580000)
  object space 103424K, 7% used [0x00000007a0000000,0x00000007a073ea98,0x00000007a6500000)
 Metaspace       used 19926K, capacity 21224K, committed 21296K, reserved 1067008K
  class space    used 2597K, capacity 2928K, committed 2944K, reserved 1048576K
}
Event: 11.465 GC heap before
{Heap before GC invocations=6 (full 1):
 PSYoungGen      total 141824K, used 131072K [0x00000007b5580000, 0x00000007bea80000, 0x00000007c0000000)
  eden space 131072K, 100% used [0x00000007b5580000,0x00000007bd580000,0x00000007bd580000)
  from space 10752K, 0% used [0x00000007be000000,0x00000007be000000,0x00000007bea80000)
  to   space 10752K, 0% used [0x00000007bd580000,0x00000007bd580000,0x00000007be000000)
 ParOldGen       total 103424K, used 7418K [0x00000007a0000000, 0x00000007a6500000, 0x00000007b5580000)
  object space 103424K, 7% used [0x00000007a0000000,0x00000007a073ea98,0x00000007a6500000)
 Metaspace       used 31770K, capacity 33960K, committed 34176K, reserved 1079296K
  class space    used 4147K, capacity 4689K, committed 4736K, reserved 1048576K
Event: 11.476 GC heap after
Heap after GC invocations=6 (full 1):
 PSYoungGen      total 141824K, used 10744K [0x00000007b5580000, 0x00000007c0000000, 0x00000007c0000000)
  eden space 131072K, 0% used [0x00000007b5580000,0x00000007b5580000,0x00000007bd580000)
  from space 10752K, 99% used [0x00000007bd580000,0x00000007bdffe220,0x00000007be000000)
  to   space 13312K, 0% used [0x00000007bf300000,0x00000007bf300000,0x00000007c0000000)
 ParOldGen       total 103424K, used 11644K [0x00000007a0000000, 0x00000007a6500000, 0x00000007b5580000)
  object space 103424K, 11% used [0x00000007a0000000,0x00000007a0b5f000,0x00000007a6500000)
 Metaspace       used 31770K, capacity 33960K, committed 34176K, reserved 1079296K
  class space    used 4147K, capacity 4689K, committed 4736K, reserved 1048576K
}
Event: 11.614 GC heap before
{Heap before GC invocations=7 (full 1):
 PSYoungGen      total 141824K, used 23618K [0x00000007b5580000, 0x00000007c0000000, 0x00000007c0000000)
  eden space 131072K, 9% used [0x00000007b5580000,0x00000007b62126f0,0x00000007bd580000)
  from space 10752K, 99% used [0x00000007bd580000,0x00000007bdffe220,0x00000007be000000)
  to   space 13312K, 0% used [0x00000007bf300000,0x00000007bf300000,0x00000007c0000000)
 ParOldGen       total 103424K, used 11644K [0x00000007a0000000, 0x00000007a6500000, 0x00000007b5580000)
  object space 103424K, 11% used [0x00000007a0000000,0x00000007a0b5f000,0x00000007a6500000)
 Metaspace       used 33195K, capacity 35412K, committed 35496K, reserved 1079296K
  class space    used 4325K, capacity 4851K, committed 4864K, reserved 1048576K
Event: 11.619 GC heap after
Heap after GC invocations=7 (full 1):
 PSYoungGen      total 161280K, used 6074K [0x00000007b5580000, 0x00000007c0000000, 0x00000007c0000000)
  eden space 147968K, 0% used [0x00000007b5580000,0x00000007b5580000,0x00000007be600000)
  from space 13312K, 45% used [0x00000007bf300000,0x00000007bf8ee9b0,0x00000007c0000000)
  to   space 13312K, 0% used [0x00000007be600000,0x00000007be600000,0x00000007bf300000)
 ParOldGen       total 103424K, used 11652K [0x00000007a0000000, 0x00000007a6500000, 0x00000007b5580000)
  object space 103424K, 11% used [0x00000007a0000000,0x00000007a0b61000,0x00000007a6500000)
 Metaspace       used 33195K, capacity 35412K, committed 35496K, reserved 1079296K
  class space    used 4325K, capacity 4851K, committed 4864K, reserved 1048576K
}
Event: 11.619 GC heap before
{Heap before GC invocations=8 (full 2):
 PSYoungGen      total 161280K, used 6074K [0x00000007b5580000, 0x00000007c0000000, 0x00000007c0000000)
  eden space 147968K, 0% used [0x00000007b5580000,0x00000007b5580000,0x00000007be600000)
  from space 13312K, 45% used [0x00000007bf300000,0x00000007bf8ee9b0,0x00000007c0000000)
  to   space 13312K, 0% used [0x00000007be600000,0x00000007be600000,0x00000007bf300000)
 ParOldGen       total 103424K, used 11652K [0x00000007a0000000, 0x00000007a6500000, 0x00000007b5580000)
  object space 103424K, 11% used [0x00000007a0000000,0x00000007a0b61000,0x00000007a6500000)
 Metaspace       used 33195K, capacity 35412K, committed 35496K, reserved 1079296K
  class space    used 4325K, capacity 4851K, committed 4864K, reserved 1048576K
Event: 11.650 GC heap after
Heap after GC invocations=8 (full 2):
 PSYoungGen      total 161280K, used 0K [0x00000007b5580000, 0x00000007c0000000, 0x00000007c0000000)
  eden space 147968K, 0% used [0x00000007b5580000,0x00000007b5580000,0x00000007be600000)
  from space 13312K, 0% used [0x00000007bf300000,0x00000007bf300000,0x00000007c0000000)
  to   space 13312K, 0% used [0x00000007be600000,0x00000007be600000,0x00000007bf300000)
 ParOldGen       total 141824K, used 11964K [0x00000007a0000000, 0x00000007a8a80000, 0x00000007b5580000)
  object space 141824K, 8% used [0x00000007a0000000,0x00000007a0baf2c8,0x00000007a8a80000)
 Metaspace       used 33195K, capacity 35412K, committed 35496K, reserved 1079296K
  class space    used 4325K, capacity 4851K, committed 4864K, reserved 1048576K
}

