<?xml version="1.0" encoding="UTF-8"?>
<testsuite name="software.amazon.cryptography.dbencryptionsdk.structuredencryption.internal.FieldEncryptorTest" tests="7" skipped="0" failures="0" errors="0" timestamp="2026-05-13T00:07:54" hostname="bcd074aae394" time="0.004">
  <properties/>
  <testcase name="differentFieldsDifferentPaths()" classname="software.amazon.cryptography.dbencryptionsdk.structuredencryption.internal.FieldEncryptorTest" time="0.0"/>
  <testcase name="differentOffsetsProduceDifferentKeys()" classname="software.amazon.cryptography.dbencryptionsdk.structuredencryption.internal.FieldEncryptorTest" time="0.0"/>
  <testcase name="encryptDecryptRoundTrip()" classname="software.amazon.cryptography.dbencryptionsdk.structuredencryption.internal.FieldEncryptorTest" time="0.0"/>
  <testcase name="canonicalPathDeterministic()" classname="software.amazon.cryptography.dbencryptionsdk.structuredencryption.internal.FieldEncryptorTest" time="0.0"/>
  <testcase name="wrongAadFailsDecrypt()" classname="software.amazon.cryptography.dbencryptionsdk.structuredencryption.internal.FieldEncryptorTest" time="0.001"/>
  <testcase name="deriveFieldKeyProduces44Bytes()" classname="software.amazon.cryptography.dbencryptionsdk.structuredencryption.internal.FieldEncryptorTest" time="0.0"/>
  <testcase name="deriveFieldRootKeyProduces32Bytes()" classname="software.amazon.cryptography.dbencryptionsdk.structuredencryption.internal.FieldEncryptorTest" time="0.0"/>
  <system-out><![CDATA[]]></system-out>
  <system-err><![CDATA[]]></system-err>
</testsuite>
