<?xml version="1.0" encoding="UTF-8"?>
<testsuite name="software.amazon.cryptography.dbencryptionsdk.dynamodb.itemencryptor.internal.RoundTripTest" tests="1" skipped="0" failures="0" errors="0" timestamp="2026-05-11T07:00:24" hostname="bcd074aae394" time="0.257">
  <properties/>
  <testcase name="encryptThenDecryptRoundTrip()" classname="software.amazon.cryptography.dbencryptionsdk.dynamodb.itemencryptor.internal.RoundTripTest" time="0.257"/>
  <system-out><![CDATA[]]></system-out>
  <system-err><![CDATA[]]></system-err>
</testsuite>
