<?xml version="1.0" encoding="UTF-8"?>
<testsuite name="software.amazon.cryptography.dbencryptionsdk.dynamodb.HierarchicalKeyringBranchKeyIdSupplierTests" tests="2" skipped="0" failures="0" errors="0" timestamp="2026-04-30T23:23:36" hostname="bcd074aae394" time="0.521">
  <properties/>
  <testcase name="TestHierarchyKeyringWithSupplier" classname="software.amazon.cryptography.dbencryptionsdk.dynamodb.HierarchicalKeyringBranchKeyIdSupplierTests" time="0.505"/>
  <testcase name="TestHierarchyKeyringWithSupplierReturnsExpectedError" classname="software.amazon.cryptography.dbencryptionsdk.dynamodb.HierarchicalKeyringBranchKeyIdSupplierTests" time="0.016"/>
  <system-out><![CDATA[]]></system-out>
  <system-err><![CDATA[]]></system-err>
</testsuite>
