<?xml version="1.0" encoding="UTF-8"?>
<testsuite name="software.amazon.cryptography.dbencryptionsdk.dynamodb.DynamoDbItemConversionIntegrationTests" tests="1" skipped="0" failures="0" errors="0" timestamp="2026-04-30T23:23:36" hostname="bcd074aae394" time="0.218">
  <properties/>
  <testcase name="TestPutItemGetRichItem" classname="software.amazon.cryptography.dbencryptionsdk.dynamodb.DynamoDbItemConversionIntegrationTests" time="0.218"/>
  <system-out><![CDATA[]]></system-out>
  <system-err><![CDATA[]]></system-err>
</testsuite>
