<?xml version="1.0" encoding="UTF-8"?>
<testsuite name="com.amazonaws.services.dynamodbv2.datamodeling.sdkv2.encryption.providers.DirectKmsMaterialProviderTest" tests="18" skipped="0" failures="0" errors="0" timestamp="2026-04-30T23:19:46" hostname="bcd074aae394" time="0.014">
  <properties/>
  <testcase name="constructorNullKmsClient" classname="com.amazonaws.services.dynamodbv2.datamodeling.sdkv2.encryption.providers.DirectKmsMaterialProviderTest" time="0.0"/>
  <testcase name="encryptionKeyIdMismatch" classname="com.amazonaws.services.dynamodbv2.datamodeling.sdkv2.encryption.providers.DirectKmsMaterialProviderTest" time="0.006"/>
  <testcase name="explicitContentKeyAlgorithm" classname="com.amazonaws.services.dynamodbv2.datamodeling.sdkv2.encryption.providers.DirectKmsMaterialProviderTest" time="0.0"/>
  <testcase name="explicitContentKeyLength128" classname="com.amazonaws.services.dynamodbv2.datamodeling.sdkv2.encryption.providers.DirectKmsMaterialProviderTest" time="0.0"/>
  <testcase name="explicitContentKeyLength256" classname="com.amazonaws.services.dynamodbv2.datamodeling.sdkv2.encryption.providers.DirectKmsMaterialProviderTest" time="0.0"/>
  <testcase name="extendedWithDerivedEncryptionKeyId" classname="com.amazonaws.services.dynamodbv2.datamodeling.sdkv2.encryption.providers.DirectKmsMaterialProviderTest" time="0.0"/>
  <testcase name="generateDataKeyIsCalledWith256NumberOfBits" classname="com.amazonaws.services.dynamodbv2.datamodeling.sdkv2.encryption.providers.DirectKmsMaterialProviderTest" time="0.001"/>
  <testcase name="hashKeyMissingFromAttributeValues" classname="com.amazonaws.services.dynamodbv2.datamodeling.sdkv2.encryption.providers.DirectKmsMaterialProviderTest" time="0.0"/>
  <testcase name="missingEncryptionKeyId" classname="com.amazonaws.services.dynamodbv2.datamodeling.sdkv2.encryption.providers.DirectKmsMaterialProviderTest" time="0.0"/>
  <testcase name="randomEnvelopeKeys" classname="com.amazonaws.services.dynamodbv2.datamodeling.sdkv2.encryption.providers.DirectKmsMaterialProviderTest" time="0.0"/>
  <testcase name="rangeKeyMissingFromAttributeValues" classname="com.amazonaws.services.dynamodbv2.datamodeling.sdkv2.encryption.providers.DirectKmsMaterialProviderTest" time="0.0"/>
  <testcase name="simple" classname="com.amazonaws.services.dynamodbv2.datamodeling.sdkv2.encryption.providers.DirectKmsMaterialProviderTest" time="0.0"/>
  <testcase name="simpleWithKmsEc" classname="com.amazonaws.services.dynamodbv2.datamodeling.sdkv2.encryption.providers.DirectKmsMaterialProviderTest" time="0.0"/>
  <testcase name="simpleWithKmsEc2" classname="com.amazonaws.services.dynamodbv2.datamodeling.sdkv2.encryption.providers.DirectKmsMaterialProviderTest" time="0.001"/>
  <testcase name="simpleWithKmsEc3" classname="com.amazonaws.services.dynamodbv2.datamodeling.sdkv2.encryption.providers.DirectKmsMaterialProviderTest" time="0.0"/>
  <testcase name="testRefresh" classname="com.amazonaws.services.dynamodbv2.datamodeling.sdkv2.encryption.providers.DirectKmsMaterialProviderTest" time="0.0"/>
  <testcase name="unsupportedHashKeyType" classname="com.amazonaws.services.dynamodbv2.datamodeling.sdkv2.encryption.providers.DirectKmsMaterialProviderTest" time="0.0"/>
  <testcase name="unsupportedRangeKeyType" classname="com.amazonaws.services.dynamodbv2.datamodeling.sdkv2.encryption.providers.DirectKmsMaterialProviderTest" time="0.0"/>
  <system-out><![CDATA[]]></system-out>
  <system-err><![CDATA[]]></system-err>
</testsuite>
