<?xml version="1.0" encoding="UTF-8"?>
<testsuite name="com.amazonaws.services.dynamodbv2.datamodeling.sdkv2.encryption.materials.SymmetricRawMaterialsTest" tests="4" skipped="0" failures="0" errors="0" timestamp="2026-04-30T23:19:42" hostname="bcd074aae394" time="0.001">
  <properties/>
  <testcase name="macNoDescription" classname="com.amazonaws.services.dynamodbv2.datamodeling.sdkv2.encryption.materials.SymmetricRawMaterialsTest" time="0.0"/>
  <testcase name="macWithDescription" classname="com.amazonaws.services.dynamodbv2.datamodeling.sdkv2.encryption.materials.SymmetricRawMaterialsTest" time="0.0"/>
  <testcase name="sigNoDescription" classname="com.amazonaws.services.dynamodbv2.datamodeling.sdkv2.encryption.materials.SymmetricRawMaterialsTest" time="0.0"/>
  <testcase name="sigWithDescription" classname="com.amazonaws.services.dynamodbv2.datamodeling.sdkv2.encryption.materials.SymmetricRawMaterialsTest" time="0.0"/>
  <system-out><![CDATA[]]></system-out>
  <system-err><![CDATA[]]></system-err>
</testsuite>
