<?xml version="1.0" encoding="UTF-8"?>
<testsuite name="com.amazonaws.services.dynamodbv2.datamodeling.sdkv2.encryption.utils.EncryptionContextOperatorsTest" tests="11" skipped="0" failures="0" errors="0" timestamp="2026-04-30T23:22:28" hostname="bcd074aae394" time="0.002">
  <properties/>
  <testcase name="testCreateEncryptionContextTableNameOverrideMap_expectedOverride" classname="com.amazonaws.services.dynamodbv2.datamodeling.sdkv2.encryption.utils.EncryptionContextOperatorsTest" time="0.0"/>
  <testcase name="testCreateEncryptionContextTableNameOverrideMap_multipleOverrides" classname="com.amazonaws.services.dynamodbv2.datamodeling.sdkv2.encryption.utils.EncryptionContextOperatorsTest" time="0.0"/>
  <testcase name="testCreateEncryptionContextTableNameOverride_differentOriginalTableName" classname="com.amazonaws.services.dynamodbv2.datamodeling.sdkv2.encryption.utils.EncryptionContextOperatorsTest" time="0.0"/>
  <testcase name="testCreateEncryptionContextTableNameOverride_expectedOverride" classname="com.amazonaws.services.dynamodbv2.datamodeling.sdkv2.encryption.utils.EncryptionContextOperatorsTest" time="0.0"/>
  <testcase name="testNullCasesCreateEncryptionContextTableNameOverrideFromMap_nullEncryptionContext" classname="com.amazonaws.services.dynamodbv2.datamodeling.sdkv2.encryption.utils.EncryptionContextOperatorsTest" time="0.0"/>
  <testcase name="testNullCasesCreateEncryptionContextTableNameOverrideFromMap_nullEncryptionContextTableName" classname="com.amazonaws.services.dynamodbv2.datamodeling.sdkv2.encryption.utils.EncryptionContextOperatorsTest" time="0.0"/>
  <testcase name="testNullCasesCreateEncryptionContextTableNameOverrideFromMap_nullMap" classname="com.amazonaws.services.dynamodbv2.datamodeling.sdkv2.encryption.utils.EncryptionContextOperatorsTest" time="0.0"/>
  <testcase name="testNullCasesCreateEncryptionContextTableNameOverrideFromMap_nullNewTableName" classname="com.amazonaws.services.dynamodbv2.datamodeling.sdkv2.encryption.utils.EncryptionContextOperatorsTest" time="0.0"/>
  <testcase name="testNullCasesCreateEncryptionContextTableNameOverrideFromMap_nullOriginalTableName" classname="com.amazonaws.services.dynamodbv2.datamodeling.sdkv2.encryption.utils.EncryptionContextOperatorsTest" time="0.0"/>
  <testcase name="testNullCasesCreateEncryptionContextTableNameOverride_nullEncryptionContext" classname="com.amazonaws.services.dynamodbv2.datamodeling.sdkv2.encryption.utils.EncryptionContextOperatorsTest" time="0.0"/>
  <testcase name="testNullCasesCreateEncryptionContextTableNameOverride_nullOriginalTableName" classname="com.amazonaws.services.dynamodbv2.datamodeling.sdkv2.encryption.utils.EncryptionContextOperatorsTest" time="0.0"/>
  <system-out><![CDATA[]]></system-out>
  <system-err><![CDATA[]]></system-err>
</testsuite>
