<?xml version="1.0" encoding="UTF-8"?>
<testsuite name="com.amazonaws.services.dynamodbv2.datamodeling.sdkv2.internal.TTLCacheTest" tests="15" skipped="0" failures="0" errors="0" timestamp="2026-04-30T23:23:30" hostname="bcd074aae394" time="0.017">
  <properties/>
  <testcase name="testClear" classname="com.amazonaws.services.dynamodbv2.datamodeling.sdkv2.internal.TTLCacheTest" time="0.004"/>
  <testcase name="testConstructor" classname="com.amazonaws.services.dynamodbv2.datamodeling.sdkv2.internal.TTLCacheTest" time="0.001"/>
  <testcase name="testExpiredPut" classname="com.amazonaws.services.dynamodbv2.datamodeling.sdkv2.internal.TTLCacheTest" time="0.0"/>
  <testcase name="testInvalidSize" classname="com.amazonaws.services.dynamodbv2.datamodeling.sdkv2.internal.TTLCacheTest" time="0.0"/>
  <testcase name="testInvalidTTL" classname="com.amazonaws.services.dynamodbv2.datamodeling.sdkv2.internal.TTLCacheTest" time="0.0"/>
  <testcase name="testLoadExpired" classname="com.amazonaws.services.dynamodbv2.datamodeling.sdkv2.internal.TTLCacheTest" time="0.001"/>
  <testcase name="testLoadExpiredEviction" classname="com.amazonaws.services.dynamodbv2.datamodeling.sdkv2.internal.TTLCacheTest" time="0.004"/>
  <testcase name="testLoadInGrace" classname="com.amazonaws.services.dynamodbv2.datamodeling.sdkv2.internal.TTLCacheTest" time="0.001"/>
  <testcase name="testLoadNoExistingEntry" classname="com.amazonaws.services.dynamodbv2.datamodeling.sdkv2.internal.TTLCacheTest" time="0.0"/>
  <testcase name="testLoadNotExpired" classname="com.amazonaws.services.dynamodbv2.datamodeling.sdkv2.internal.TTLCacheTest" time="0.001"/>
  <testcase name="testLoadPastMaxSize" classname="com.amazonaws.services.dynamodbv2.datamodeling.sdkv2.internal.TTLCacheTest" time="0.0"/>
  <testcase name="testLoadWithFunction" classname="com.amazonaws.services.dynamodbv2.datamodeling.sdkv2.internal.TTLCacheTest" time="0.002"/>
  <testcase name="testNullLoader" classname="com.amazonaws.services.dynamodbv2.datamodeling.sdkv2.internal.TTLCacheTest" time="0.0"/>
  <testcase name="testPut" classname="com.amazonaws.services.dynamodbv2.datamodeling.sdkv2.internal.TTLCacheTest" time="0.0"/>
  <testcase name="testPutPastMaxSize" classname="com.amazonaws.services.dynamodbv2.datamodeling.sdkv2.internal.TTLCacheTest" time="0.0"/>
  <system-out><![CDATA[]]></system-out>
  <system-err><![CDATA[]]></system-err>
</testsuite>
