<?xml version="1.0" encoding="UTF-8"?>
<testsuite name="com.amazonaws.services.dynamodbv2.datamodeling.sdkv2.encryption.providers.KeyStoreMaterialsProviderTest" tests="14" skipped="0" failures="0" errors="0" timestamp="2026-04-30T23:19:46" hostname="bcd074aae394" time="1.827">
  <properties/>
  <testcase name="asymSigEncryptOnly" classname="com.amazonaws.services.dynamodbv2.datamodeling.sdkv2.encryption.providers.KeyStoreMaterialsProviderTest" time="0.079"/>
  <testcase name="asymSigVerifyOnly" classname="com.amazonaws.services.dynamodbv2.datamodeling.sdkv2.encryption.providers.KeyStoreMaterialsProviderTest" time="0.08"/>
  <testcase name="asymSimpleMac" classname="com.amazonaws.services.dynamodbv2.datamodeling.sdkv2.encryption.providers.KeyStoreMaterialsProviderTest" time="0.159"/>
  <testcase name="asymSimpleSig" classname="com.amazonaws.services.dynamodbv2.datamodeling.sdkv2.encryption.providers.KeyStoreMaterialsProviderTest" time="0.16"/>
  <testcase name="constructorMissingEncryptionAlias" classname="com.amazonaws.services.dynamodbv2.datamodeling.sdkv2.encryption.providers.KeyStoreMaterialsProviderTest" time="0.0"/>
  <testcase name="constructorMissingSigningAlias" classname="com.amazonaws.services.dynamodbv2.datamodeling.sdkv2.encryption.providers.KeyStoreMaterialsProviderTest" time="0.0"/>
  <testcase name="equalSymDescMac" classname="com.amazonaws.services.dynamodbv2.datamodeling.sdkv2.encryption.providers.KeyStoreMaterialsProviderTest" time="0.158"/>
  <testcase name="noMatchSymDescMac" classname="com.amazonaws.services.dynamodbv2.datamodeling.sdkv2.encryption.providers.KeyStoreMaterialsProviderTest" time="0.157"/>
  <testcase name="simpleSymMac" classname="com.amazonaws.services.dynamodbv2.datamodeling.sdkv2.encryption.providers.KeyStoreMaterialsProviderTest" time="0.159"/>
  <testcase name="simpleSymSig" classname="com.amazonaws.services.dynamodbv2.datamodeling.sdkv2.encryption.providers.KeyStoreMaterialsProviderTest" time="0.16"/>
  <testcase name="subSetSymDescMac" classname="com.amazonaws.services.dynamodbv2.datamodeling.sdkv2.encryption.providers.KeyStoreMaterialsProviderTest" time="0.158"/>
  <testcase name="superSetSymDescMac" classname="com.amazonaws.services.dynamodbv2.datamodeling.sdkv2.encryption.providers.KeyStoreMaterialsProviderTest" time="0.158"/>
  <testcase name="testRefresh" classname="com.amazonaws.services.dynamodbv2.datamodeling.sdkv2.encryption.providers.KeyStoreMaterialsProviderTest" time="0.317"/>
  <testcase name="wrongPasswordFails" classname="com.amazonaws.services.dynamodbv2.datamodeling.sdkv2.encryption.providers.KeyStoreMaterialsProviderTest" time="0.078"/>
  <system-out><![CDATA[]]></system-out>
  <system-err><![CDATA[]]></system-err>
</testsuite>
