<?xml version="1.0" encoding="UTF-8"?>
<testsuite name="com.amazonaws.services.dynamodbv2.datamodeling.sdkv2.encryption.providers.SymmetricStaticProviderTest" tests="8" skipped="0" failures="0" errors="0" timestamp="2026-04-30T23:19:48" hostname="bcd074aae394" time="0.002">
  <properties/>
  <testcase name="constructorNullMacKey" classname="com.amazonaws.services.dynamodbv2.datamodeling.sdkv2.encryption.providers.SymmetricStaticProviderTest" time="0.0"/>
  <testcase name="equalDescMac" classname="com.amazonaws.services.dynamodbv2.datamodeling.sdkv2.encryption.providers.SymmetricStaticProviderTest" time="0.001"/>
  <testcase name="noMatchDescMac" classname="com.amazonaws.services.dynamodbv2.datamodeling.sdkv2.encryption.providers.SymmetricStaticProviderTest" time="0.0"/>
  <testcase name="simpleMac" classname="com.amazonaws.services.dynamodbv2.datamodeling.sdkv2.encryption.providers.SymmetricStaticProviderTest" time="0.0"/>
  <testcase name="simpleSig" classname="com.amazonaws.services.dynamodbv2.datamodeling.sdkv2.encryption.providers.SymmetricStaticProviderTest" time="0.0"/>
  <testcase name="subsetDescMac" classname="com.amazonaws.services.dynamodbv2.datamodeling.sdkv2.encryption.providers.SymmetricStaticProviderTest" time="0.0"/>
  <testcase name="supersetDescMac" classname="com.amazonaws.services.dynamodbv2.datamodeling.sdkv2.encryption.providers.SymmetricStaticProviderTest" time="0.001"/>
  <testcase name="testRefresh" classname="com.amazonaws.services.dynamodbv2.datamodeling.sdkv2.encryption.providers.SymmetricStaticProviderTest" time="0.0"/>
  <system-out><![CDATA[]]></system-out>
  <system-err><![CDATA[]]></system-err>
</testsuite>
