<?xml version="1.0" encoding="UTF-8"?>
<testsuite name="com.amazonaws.services.dynamodbv2.datamodeling.sdkv2.internal.Base64Tests" tests="7" skipped="0" failures="0" errors="0" timestamp="2026-04-30T23:22:28" hostname="bcd074aae394" time="61.96">
  <properties/>
  <testcase name="rfc4648TestVectors" classname="com.amazonaws.services.dynamodbv2.datamodeling.sdkv2.internal.Base64Tests" time="0.0"/>
  <testcase name="testBase64DecodeEquivalence" classname="com.amazonaws.services.dynamodbv2.datamodeling.sdkv2.internal.Base64Tests" time="0.289"/>
  <testcase name="testBase64EncodeEquivalence" classname="com.amazonaws.services.dynamodbv2.datamodeling.sdkv2.internal.Base64Tests" time="61.67"/>
  <testcase name="testBase64PaddingBehavior" classname="com.amazonaws.services.dynamodbv2.datamodeling.sdkv2.internal.Base64Tests" time="0.0"/>
  <testcase name="testBase64PaddingBehaviorSdk1" classname="com.amazonaws.services.dynamodbv2.datamodeling.sdkv2.internal.Base64Tests" time="0.0"/>
  <testcase name="testNullDecodeBehavior" classname="com.amazonaws.services.dynamodbv2.datamodeling.sdkv2.internal.Base64Tests" time="0.0"/>
  <testcase name="testNullDecodeBehaviorSdk1" classname="com.amazonaws.services.dynamodbv2.datamodeling.sdkv2.internal.Base64Tests" time="0.0"/>
  <system-out><![CDATA[]]></system-out>
  <system-err><![CDATA[]]></system-err>
</testsuite>
