<?xml version="1.0" encoding="UTF-8"?>
<testsuite name="com.amazonaws.services.dynamodbv2.datamodeling.sdkv2.encryption.DelegatedEncryptionTest" tests="11" skipped="0" failures="0" errors="0" timestamp="2026-04-30T23:19:40" hostname="bcd074aae394" time="0.116">
  <properties/>
  <testcase name="RsaSignedOnly" classname="com.amazonaws.services.dynamodbv2.datamodeling.sdkv2.encryption.DelegatedEncryptionTest" time="0.071"/>
  <testcase name="RsaSignedOnlyBadSignature" classname="com.amazonaws.services.dynamodbv2.datamodeling.sdkv2.encryption.DelegatedEncryptionTest" time="0.04"/>
  <testcase name="badVersionNumber" classname="com.amazonaws.services.dynamodbv2.datamodeling.sdkv2.encryption.DelegatedEncryptionTest" time="0.0"/>
  <testcase name="fullEncryption" classname="com.amazonaws.services.dynamodbv2.datamodeling.sdkv2.encryption.DelegatedEncryptionTest" time="0.001"/>
  <testcase name="fullEncryptionBadSignature" classname="com.amazonaws.services.dynamodbv2.datamodeling.sdkv2.encryption.DelegatedEncryptionTest" time="0.001"/>
  <testcase name="signedOnly" classname="com.amazonaws.services.dynamodbv2.datamodeling.sdkv2.encryption.DelegatedEncryptionTest" time="0.0"/>
  <testcase name="signedOnlyBadSignature" classname="com.amazonaws.services.dynamodbv2.datamodeling.sdkv2.encryption.DelegatedEncryptionTest" time="0.0"/>
  <testcase name="signedOnlyNoSignature" classname="com.amazonaws.services.dynamodbv2.datamodeling.sdkv2.encryption.DelegatedEncryptionTest" time="0.0"/>
  <testcase name="signedOnlyNullCryptoKey" classname="com.amazonaws.services.dynamodbv2.datamodeling.sdkv2.encryption.DelegatedEncryptionTest" time="0.001"/>
  <testcase name="testSetMaterialDescriptionFieldName" classname="com.amazonaws.services.dynamodbv2.datamodeling.sdkv2.encryption.DelegatedEncryptionTest" time="0.0"/>
  <testcase name="testSetSignatureFieldName" classname="com.amazonaws.services.dynamodbv2.datamodeling.sdkv2.encryption.DelegatedEncryptionTest" time="0.0"/>
  <system-out><![CDATA[]]></system-out>
  <system-err><![CDATA[]]></system-err>
</testsuite>
