<?xml version="1.0" encoding="UTF-8"?>
<testsuite name="com.amazonaws.services.dynamodbv2.datamodeling.sdkv2.encryption.providers.AsymmetricStaticProviderTest" tests="5" skipped="0" failures="0" errors="0" timestamp="2026-04-30T23:19:42" hostname="bcd074aae394" time="0.012">
  <properties/>
  <testcase name="constructWithMac" classname="com.amazonaws.services.dynamodbv2.datamodeling.sdkv2.encryption.providers.AsymmetricStaticProviderTest" time="0.001"/>
  <testcase name="constructWithSigPair" classname="com.amazonaws.services.dynamodbv2.datamodeling.sdkv2.encryption.providers.AsymmetricStaticProviderTest" time="0.009"/>
  <testcase name="constructorNullEncryptionKey" classname="com.amazonaws.services.dynamodbv2.datamodeling.sdkv2.encryption.providers.AsymmetricStaticProviderTest" time="0.0"/>
  <testcase name="randomEnvelopeKeys" classname="com.amazonaws.services.dynamodbv2.datamodeling.sdkv2.encryption.providers.AsymmetricStaticProviderTest" time="0.0"/>
  <testcase name="testRefresh" classname="com.amazonaws.services.dynamodbv2.datamodeling.sdkv2.encryption.providers.AsymmetricStaticProviderTest" time="0.0"/>
  <system-out><![CDATA[]]></system-out>
  <system-err><![CDATA[]]></system-err>
</testsuite>
