<?xml version="1.0" encoding="UTF-8"?>
<testsuite name="com.amazonaws.services.dynamodbv2.datamodeling.sdkv2.encryption.providers.CachingMostRecentProviderTests" tests="10" skipped="0" failures="0" errors="0" timestamp="2026-04-30T23:19:42" hostname="bcd074aae394" time="3.834">
  <properties/>
  <testcase name="constructorNullKeystore" classname="com.amazonaws.services.dynamodbv2.datamodeling.sdkv2.encryption.providers.CachingMostRecentProviderTests" time="0.0"/>
  <testcase name="testConstructors" classname="com.amazonaws.services.dynamodbv2.datamodeling.sdkv2.encryption.providers.CachingMostRecentProviderTests" time="0.014"/>
  <testcase name="testSingleVersion" classname="com.amazonaws.services.dynamodbv2.datamodeling.sdkv2.encryption.providers.CachingMostRecentProviderTests" time="0.738"/>
  <testcase name="testSingleVersionTwoMaterials" classname="com.amazonaws.services.dynamodbv2.datamodeling.sdkv2.encryption.providers.CachingMostRecentProviderTests" time="0.73"/>
  <testcase name="testSingleVersionWithRefresh" classname="com.amazonaws.services.dynamodbv2.datamodeling.sdkv2.encryption.providers.CachingMostRecentProviderTests" time="0.727"/>
  <testcase name="testSingleVersionWithTwoMaterialsWithRefresh" classname="com.amazonaws.services.dynamodbv2.datamodeling.sdkv2.encryption.providers.CachingMostRecentProviderTests" time="0.745"/>
  <testcase name="testSmallMaxCacheSize" classname="com.amazonaws.services.dynamodbv2.datamodeling.sdkv2.encryption.providers.CachingMostRecentProviderTests" time="0.012"/>
  <testcase name="testTwoVersions" classname="com.amazonaws.services.dynamodbv2.datamodeling.sdkv2.encryption.providers.CachingMostRecentProviderTests" time="0.729"/>
  <testcase name="testTwoVersionsWithRefresh" classname="com.amazonaws.services.dynamodbv2.datamodeling.sdkv2.encryption.providers.CachingMostRecentProviderTests" time="0.012"/>
  <testcase name="testTwoVersionsWithTwoMaterialsWithRefresh" classname="com.amazonaws.services.dynamodbv2.datamodeling.sdkv2.encryption.providers.CachingMostRecentProviderTests" time="0.018"/>
  <system-out><![CDATA[]]></system-out>
  <system-err><![CDATA[]]></system-err>
</testsuite>
