<?xml version="1.0" encoding="UTF-8"?>
<testsuite name="com.amazonaws.services.dynamodbv2.datamodeling.sdkv2.encryption.KeyStoreEncryptorIT" tests="4" skipped="0" failures="0" errors="0" timestamp="2026-04-30T23:19:41" hostname="bcd074aae394" time="0.657">
  <properties/>
  <testcase name="aesEncryptHmacSign" classname="com.amazonaws.services.dynamodbv2.datamodeling.sdkv2.encryption.KeyStoreEncryptorIT" time="0.167"/>
  <testcase name="aesEncryptRsaSign" classname="com.amazonaws.services.dynamodbv2.datamodeling.sdkv2.encryption.KeyStoreEncryptorIT" time="0.163"/>
  <testcase name="rsaEncryptHmacSign" classname="com.amazonaws.services.dynamodbv2.datamodeling.sdkv2.encryption.KeyStoreEncryptorIT" time="0.164"/>
  <testcase name="rsaEncryptRsaSign" classname="com.amazonaws.services.dynamodbv2.datamodeling.sdkv2.encryption.KeyStoreEncryptorIT" time="0.162"/>
  <system-out><![CDATA[]]></system-out>
  <system-err><![CDATA[]]></system-err>
</testsuite>
