<?xml version="1.0" encoding="UTF-8"?>
<testsuite name="com.amazonaws.services.dynamodbv2.datamodeling.sdkv2.encryption.materials.AsymmetricRawMaterialsTest" tests="4" skipped="0" failures="0" errors="0" timestamp="2026-04-30T23:19:41" hostname="bcd074aae394" time="0.006">
  <properties/>
  <testcase name="macNoDescription" classname="com.amazonaws.services.dynamodbv2.datamodeling.sdkv2.encryption.materials.AsymmetricRawMaterialsTest" time="0.002"/>
  <testcase name="macWithDescription" classname="com.amazonaws.services.dynamodbv2.datamodeling.sdkv2.encryption.materials.AsymmetricRawMaterialsTest" time="0.001"/>
  <testcase name="sigNoDescription" classname="com.amazonaws.services.dynamodbv2.datamodeling.sdkv2.encryption.materials.AsymmetricRawMaterialsTest" time="0.001"/>
  <testcase name="sigWithDescription" classname="com.amazonaws.services.dynamodbv2.datamodeling.sdkv2.encryption.materials.AsymmetricRawMaterialsTest" time="0.001"/>
  <system-out><![CDATA[]]></system-out>
  <system-err><![CDATA[]]></system-err>
</testsuite>
