<?xml version="1.0" encoding="UTF-8"?>
<testsuite name="com.amazonaws.services.dynamodbv2.datamodeling.sdkv2.internal.LRUCacheTest" tests="4" skipped="0" failures="0" errors="0" timestamp="2026-04-30T23:23:30" hostname="bcd074aae394" time="0.001">
  <properties/>
  <testcase name="test" classname="com.amazonaws.services.dynamodbv2.datamodeling.sdkv2.internal.LRUCacheTest" time="0.0"/>
  <testcase name="testIllegalArgument" classname="com.amazonaws.services.dynamodbv2.datamodeling.sdkv2.internal.LRUCacheTest" time="0.0"/>
  <testcase name="testSingleEntry" classname="com.amazonaws.services.dynamodbv2.datamodeling.sdkv2.internal.LRUCacheTest" time="0.0"/>
  <testcase name="testZeroSize" classname="com.amazonaws.services.dynamodbv2.datamodeling.sdkv2.internal.LRUCacheTest" time="0.0"/>
  <system-out><![CDATA[]]></system-out>
  <system-err><![CDATA[]]></system-err>
</testsuite>
