<?xml version="1.0" encoding="UTF-8"?>
<testsuite name="software.amazon.cryptography.dbencryptionsdk.structuredencryption.internal.HeaderSerializerTest" tests="3" skipped="0" failures="0" errors="0" timestamp="2026-05-11T07:00:25" hostname="bcd074aae394" time="0.011">
  <properties/>
  <testcase name="emptyEncryptionContext()" classname="software.amazon.cryptography.dbencryptionsdk.structuredencryption.internal.HeaderSerializerTest" time="0.005"/>
  <testcase name="roundTripSerializeDeserialize()" classname="software.amazon.cryptography.dbencryptionsdk.structuredencryption.internal.HeaderSerializerTest" time="0.0"/>
  <testcase name="headerCommitmentRoundTrip()" classname="software.amazon.cryptography.dbencryptionsdk.structuredencryption.internal.HeaderSerializerTest" time="0.004"/>
  <system-out><![CDATA[]]></system-out>
  <system-err><![CDATA[]]></system-err>
</testsuite>
